[2018-10-09 02:12:41] local.ERROR: The C:\Users\alice gaberiel\Desktop\ionic\notablee\bootstrap/cache directory must be present and writable. {"exception":"[object] (Exception(code: 0): The C:\\Users\\alice gaberiel\\Desktop\\ionic\
otablee\\bootstrap/cache directory must be present and writable. at C:\\Users\\alice gaberiel\\Desktop\\ionic\
otablee\\vendor\\laravel\\framework\\src\\Illuminate\\Foundation\\PackageManifest.php:168)
[stacktrace]
#0 C:\\Users\\alice gaberiel\\Desktop\\ionic\
otablee\\vendor\\laravel\\framework\\src\\Illuminate\\Foundation\\PackageManifest.php(127): Illuminate\\Foundation\\PackageManifest->write(Array)
#1 C:\\Users\\alice gaberiel\\Desktop\\ionic\
otablee\\vendor\\laravel\\framework\\src\\Illuminate\\Foundation\\PackageManifest.php(97): Illuminate\\Foundation\\PackageManifest->build()
#2 C:\\Users\\alice gaberiel\\Desktop\\ionic\
otablee\\vendor\\laravel\\framework\\src\\Illuminate\\Foundation\\PackageManifest.php(80): Illuminate\\Foundation\\PackageManifest->getManifest()
#3 C:\\Users\\alice gaberiel\\Desktop\\ionic\
otablee\\vendor\\laravel\\framework\\src\\Illuminate\\Foundation\\Bootstrap\\RegisterFacades.php(26): Illuminate\\Foundation\\PackageManifest->aliases()
#4 C:\\Users\\alice gaberiel\\Desktop\\ionic\
otablee\\vendor\\laravel\\framework\\src\\Illuminate\\Foundation\\Application.php(206): Illuminate\\Foundation\\Bootstrap\\RegisterFacades->bootstrap(Object(Illuminate\\Foundation\\Application))
#5 C:\\Users\\alice gaberiel\\Desktop\\ionic\
otablee\\vendor\\laravel\\framework\\src\\Illuminate\\Foundation\\Console\\Kernel.php(297): Illuminate\\Foundation\\Application->bootstrapWith(Array)
#6 C:\\Users\\alice gaberiel\\Desktop\\ionic\
otablee\\vendor\\laravel\\framework\\src\\Illuminate\\Foundation\\Console\\Kernel.php(120): Illuminate\\Foundation\\Console\\Kernel->bootstrap()
#7 C:\\Users\\alice gaberiel\\Desktop\\ionic\
otablee\\manage(37): Illuminate\\Foundation\\Console\\Kernel->handle(Object(Symfony\\Component\\Console\\Input\\ArgvInput), Object(Symfony\\Component\\Console\\Output\\ConsoleOutput))
#8 {main}
"} 
